<?xml version="1.0" encoding="UTF-8"?>
<!-- Generated by org.testng.reporters.JUnitXMLReporter -->
<testsuite hostname="Nachiyar" ignored="0" name="eBay App Test Cases" tests="3" failures="0" timestamp="22 Mar 2019 20:20:03 GMT" time="40.363" errors="0">
  <testcase name="test" time="0.045" classname="com.ebay.test.LandingTest"/>
  <testcase name="test" time="0.282" classname="com.ebay.test.DealsTest"/>
  <testcase name="test" time="0.174" classname="com.ebay.test.ElectronicsTest"/>
</testsuite> <!-- eBay App Test Cases -->
